(0000) 3000  0011000000000000 (   1)                 .ORIG x3000
(3000) E05C  1110000001011100 (   2)                 LEA   R0 HELLO
(3001) F022  1111000000100010 (   3)                 TRAP  x22
(3002) 5260  0101001001100000 (   4) BEGIN           AND   R1 R1 #0
(3003) 54A0  0101010010100000 (   5)                 AND   R2 R2 #0
(3004) 56E0  0101011011100000 (   6)                 AND   R3 R3 #0
(3005) 5920  0101100100100000 (   7)                 AND   R4 R4 #0
(3006) 5B60  0101101101100000 (   8)                 AND   R5 R5 #0
(3007) 5DA0  0101110110100000 (   9)                 AND   R6 R6 #0
(3008) 5FE0  0101111111100000 (  10)                 AND   R7 R7 #0
(3009) 4A51  0100101001010001 (  12) JSRS            JSR   LOAD
(300A) 4921  0100100100100001 (  13)                 JSR   LOAD2
(300B) 4884  0100100010000100 (  14)                 JSR   EDX
(300C) 48B6  0100100010110110 (  15)                 JSR   DET
(300D) 4903  0100100100000011 (  16)                 JSR   PRINT
(300E) 4922  0100100100100010 (  17)                 JSR   CLEAR
(300F) 0FF9  0000111111111001 (  18)                 BRNZP JSRS
(3010) 000A  0000000000001010 (  20) CIPHER          .FILL x000A
(3011) 0045  0000000001000101 (  20)                 .FILL x0045
(3012) 006E  0000000001101110 (  20)                 .FILL x006E
(3013) 0074  0000000001110100 (  20)                 .FILL x0074
(3014) 0065  0000000001100101 (  20)                 .FILL x0065
(3015) 0072  0000000001110010 (  20)                 .FILL x0072
(3016) 0020  0000000000100000 (  20)                 .FILL x0020
(3017) 0074  0000000001110100 (  20)                 .FILL x0074
(3018) 0068  0000000001101000 (  20)                 .FILL x0068
(3019) 0065  0000000001100101 (  20)                 .FILL x0065
(301A) 0020  0000000000100000 (  20)                 .FILL x0020
(301B) 0063  0000000001100011 (  20)                 .FILL x0063
(301C) 0069  0000000001101001 (  20)                 .FILL x0069
(301D) 0070  0000000001110000 (  20)                 .FILL x0070
(301E) 0068  0000000001101000 (  20)                 .FILL x0068
(301F) 0065  0000000001100101 (  20)                 .FILL x0065
(3020) 0072  0000000001110010 (  20)                 .FILL x0072
(3021) 003A  0000000000111010 (  20)                 .FILL x003A
(3022) 000A  0000000000001010 (  20)                 .FILL x000A
(3023) 0000  0000000000000000 (  20)                 .FILL x0000
(3024) 000A  0000000000001010 (  21) MESSAGE         .FILL x000A
(3025) 0045  0000000001000101 (  21)                 .FILL x0045
(3026) 006E  0000000001101110 (  21)                 .FILL x006E
(3027) 0074  0000000001110100 (  21)                 .FILL x0074
(3028) 0065  0000000001100101 (  21)                 .FILL x0065
(3029) 0072  0000000001110010 (  21)                 .FILL x0072
(302A) 0020  0000000000100000 (  21)                 .FILL x0020
(302B) 0079  0000000001111001 (  21)                 .FILL x0079
(302C) 006F  0000000001101111 (  21)                 .FILL x006F
(302D) 0075  0000000001110101 (  21)                 .FILL x0075
(302E) 0072  0000000001110010 (  21)                 .FILL x0072
(302F) 0020  0000000000100000 (  21)                 .FILL x0020
(3030) 006D  0000000001101101 (  21)                 .FILL x006D
(3031) 0065  0000000001100101 (  21)                 .FILL x0065
(3032) 0073  0000000001110011 (  21)                 .FILL x0073
(3033) 0073  0000000001110011 (  21)                 .FILL x0073
(3034) 0061  0000000001100001 (  21)                 .FILL x0061
(3035) 0067  0000000001100111 (  21)                 .FILL x0067
(3036) 0065  0000000001100101 (  21)                 .FILL x0065
(3037) 003A  0000000000111010 (  21)                 .FILL x003A
(3038) 000A  0000000000001010 (  21)                 .FILL x000A
(3039) 0000  0000000000000000 (  21)                 .FILL x0000
(303A) 000A  0000000000001010 (  22) COMMAND         .FILL x000A
(303B) 0028  0000000000101000 (  22)                 .FILL x0028
(303C) 0045  0000000001000101 (  22)                 .FILL x0045
(303D) 0029  0000000000101001 (  22)                 .FILL x0029
(303E) 006E  0000000001101110 (  22)                 .FILL x006E
(303F) 0063  0000000001100011 (  22)                 .FILL x0063
(3040) 0072  0000000001110010 (  22)                 .FILL x0072
(3041) 0079  0000000001111001 (  22)                 .FILL x0079
(3042) 0070  0000000001110000 (  22)                 .FILL x0070
(3043) 0074  0000000001110100 (  22)                 .FILL x0074
(3044) 002C  0000000000101100 (  22)                 .FILL x002C
(3045) 0020  0000000000100000 (  22)                 .FILL x0020
(3046) 0028  0000000000101000 (  22)                 .FILL x0028
(3047) 0044  0000000001000100 (  22)                 .FILL x0044
(3048) 0029  0000000000101001 (  22)                 .FILL x0029
(3049) 0065  0000000001100101 (  22)                 .FILL x0065
(304A) 0063  0000000001100011 (  22)                 .FILL x0063
(304B) 0072  0000000001110010 (  22)                 .FILL x0072
(304C) 0079  0000000001111001 (  22)                 .FILL x0079
(304D) 0070  0000000001110000 (  22)                 .FILL x0070
(304E) 0074  0000000001110100 (  22)                 .FILL x0074
(304F) 002C  0000000000101100 (  22)                 .FILL x002C
(3050) 0020  0000000000100000 (  22)                 .FILL x0020
(3051) 006F  0000000001101111 (  22)                 .FILL x006F
(3052) 0072  0000000001110010 (  22)                 .FILL x0072
(3053) 0020  0000000000100000 (  22)                 .FILL x0020
(3054) 0045  0000000001000101 (  22)                 .FILL x0045
(3055) 0028  0000000000101000 (  22)                 .FILL x0028
(3056) 0058  0000000001011000 (  22)                 .FILL x0058
(3057) 0029  0000000000101001 (  22)                 .FILL x0029
(3058) 0069  0000000001101001 (  22)                 .FILL x0069
(3059) 0074  0000000001110100 (  22)                 .FILL x0074
(305A) 003F  0000000000111111 (  22)                 .FILL x003F
(305B) 000A  0000000000001010 (  22)                 .FILL x000A
(305C) 0000  0000000000000000 (  22)                 .FILL x0000
(305D) 0057  0000000001010111 (  23) HELLO           .FILL x0057
(305E) 0065  0000000001100101 (  23)                 .FILL x0065
(305F) 006C  0000000001101100 (  23)                 .FILL x006C
(3060) 0063  0000000001100011 (  23)                 .FILL x0063
(3061) 006F  0000000001101111 (  23)                 .FILL x006F
(3062) 006D  0000000001101101 (  23)                 .FILL x006D
(3063) 0065  0000000001100101 (  23)                 .FILL x0065
(3064) 0020  0000000000100000 (  23)                 .FILL x0020
(3065) 0074  0000000001110100 (  23)                 .FILL x0074
(3066) 006F  0000000001101111 (  23)                 .FILL x006F
(3067) 0020  0000000000100000 (  23)                 .FILL x0020
(3068) 0074  0000000001110100 (  23)                 .FILL x0074
(3069) 0068  0000000001101000 (  23)                 .FILL x0068
(306A) 0069  0000000001101001 (  23)                 .FILL x0069
(306B) 0073  0000000001110011 (  23)                 .FILL x0073
(306C) 0020  0000000000100000 (  23)                 .FILL x0020
(306D) 0043  0000000001000011 (  23)                 .FILL x0043
(306E) 0065  0000000001100101 (  23)                 .FILL x0065
(306F) 0061  0000000001100001 (  23)                 .FILL x0061
(3070) 0073  0000000001110011 (  23)                 .FILL x0073
(3071) 0065  0000000001100101 (  23)                 .FILL x0065
(3072) 0072  0000000001110010 (  23)                 .FILL x0072
(3073) 0020  0000000000100000 (  23)                 .FILL x0020
(3074) 0043  0000000001000011 (  23)                 .FILL x0043
(3075) 0069  0000000001101001 (  23)                 .FILL x0069
(3076) 0070  0000000001110000 (  23)                 .FILL x0070
(3077) 0068  0000000001101000 (  23)                 .FILL x0068
(3078) 0065  0000000001100101 (  23)                 .FILL x0065
(3079) 0072  0000000001110010 (  23)                 .FILL x0072
(307A) 0020  0000000000100000 (  23)                 .FILL x0020
(307B) 0045  0000000001000101 (  23)                 .FILL x0045
(307C) 006E  0000000001101110 (  23)                 .FILL x006E
(307D) 0063  0000000001100011 (  23)                 .FILL x0063
(307E) 0072  0000000001110010 (  23)                 .FILL x0072
(307F) 0079  0000000001111001 (  23)                 .FILL x0079
(3080) 0070  0000000001110000 (  23)                 .FILL x0070
(3081) 0074  0000000001110100 (  23)                 .FILL x0074
(3082) 0065  0000000001100101 (  23)                 .FILL x0065
(3083) 0072  0000000001110010 (  23)                 .FILL x0072
(3084) 002F  0000000000101111 (  23)                 .FILL x002F
(3085) 0044  0000000001000100 (  23)                 .FILL x0044
(3086) 0065  0000000001100101 (  23)                 .FILL x0065
(3087) 0063  0000000001100011 (  23)                 .FILL x0063
(3088) 0072  0000000001110010 (  23)                 .FILL x0072
(3089) 0079  0000000001111001 (  23)                 .FILL x0079
(308A) 0070  0000000001110000 (  23)                 .FILL x0070
(308B) 0074  0000000001110100 (  23)                 .FILL x0074
(308C) 0065  0000000001100101 (  23)                 .FILL x0065
(308D) 0072  0000000001110010 (  23)                 .FILL x0072
(308E) 0000  0000000000000000 (  23)                 .FILL x0000
(308F) FFD0  1111111111010000 (  24) ASCIIZ          .FILL xFFD0
(3090) 3E2B  0011111000101011 (  26) EDX             ST    R7 REG
(3091) E1A8  1110000110101000 (  27)                 LEA   R0 COMMAND
(3092) F022  1111000000100010 (  28)                 TRAP  x22
(3093) F020  1111000000100000 (  29)                 TRAP  x20
(3094) F021  1111000000100001 (  30)                 TRAP  x21
(3095) 2228  0010001000101000 (  31)                 LD    R1 ENC
(3096) 1240  0001001001000000 (  32)                 ADD   R1 R1 R0
(3097) 3223  0011001000100011 (  33)                 ST    R1 FLAG
(3098) 2226  0010001000100110 (  34)                 LD    R1 EX
(3099) 1240  0001001001000000 (  35)                 ADD   R1 R1 R0
(309A) 041E  0000010000011110 (  36)                 BRZ   END
(309B) E6F6  1110011011110110 (  37)                 LEA   R3 ARRAY
(309C) 2420  0010010000100000 (  38)                 LD    R2 NEWL
(309D) E186  1110000110000110 (  39)                 LEA   R0 MESSAGE
(309E) F022  1111000000100010 (  40)                 TRAP  x22
(309F) F020  1111000000100000 (  41) INPUT           TRAP  x20
(30A0) F021  1111000000100001 (  42)                 TRAP  x21
(30A1) 1202  0001001000000010 (  43)                 ADD   R1 R0 R2
(30A2) 0403  0000010000000011 (  44)                 BRZ   NEXT
(30A3) 70C0  0111000011000000 (  45)                 STR   R0 R3 #0
(30A4) 16E1  0001011011100001 (  46)                 ADD   R3 R3 #1
(30A5) 0FF9  0000111111111001 (  47)                 BRNZP INPUT
(30A6) E169  1110000101101001 (  48) NEXT            LEA   R0 CIPHER
(30A7) F022  1111000000100010 (  49)                 TRAP  x22
(30A8) 5260  0101001001100000 (  50)                 AND   R1 R1 #0
(30A9) F020  1111000000100000 (  51) CIPHIN          TRAP  x20
(30AA) F021  1111000000100001 (  52)                 TRAP  x21
(30AB) 1A60  0001101001100000 (  53)                 ADD   R5 R1 #0
(30AC) 1802  0001100000000010 (  54)                 ADD   R4 R0 R2
(30AD) 0408  0000010000001000 (  55)                 BRZ   RETR
(30AE) 27E0  0010011111100000 (  56)                 LD    R3 ASCIIZ
(30AF) 1003  0001000000000011 (  57)                 ADD   R0 R0 R3
(30B0) 260F  0010011000001111 (  58)                 LD    R3 TEN
(30B1) 1245  0001001001000101 (  59) TENS            ADD   R1 R1 R5
(30B2) 16FF  0001011011111111 (  60)                 ADD   R3 R3 #-1
(30B3) 03FD  0000001111111101 (  61)                 BRP   TENS
(30B4) 1240  0001001001000000 (  62)                 ADD   R1 R1 R0
(30B5) 0FF3  0000111111110011 (  63)                 BRNZP CIPHIN
(30B6) 3203  0011001000000011 (  65) RETR            ST    R1 CIPHST
(30B7) 2E04  0010111000000100 (  66)                 LD    R7 REG
(30B8) C1C0  1100000111000000 (  67)                 RET   
(30B9) F025  1111000000100101 (  69) END             TRAP  x25
(30BA) 0000  0000000000000000 (  71) CIPHST          .FILL x0000
(30BB) 0000  0000000000000000 (  72) FLAG            .FILL x0000
(30BC) 0000  0000000000000000 (  73) REG             .FILL x0000
(30BD) FFF6  1111111111110110 (  74) NEWL            .FILL xFFF6
(30BE) FFBC  1111111110111100 (  75) ENC             .FILL xFFBC
(30BF) FFA8  1111111110101000 (  76) EX              .FILL xFFA8
(30C0) 0009  0000000000001001 (  77) TEN             .FILL x0009
(30C1) 0000  0000000000000000 (  79) EARRYAD         .FILL x0000
(30C2) 0000  0000000000000000 (  80) ARRYAD          .FILL x0000
(30C3) 3FF8  0011111111111000 (  82) DET             ST    R7 REG
(30C4) 23F6  0010001111110110 (  83)                 LD    R1 FLAG
(30C5) 1260  0001001001100000 (  84)                 ADD   R1 R1 #0
(30C6) 0401  0000010000000001 (  85)                 BRZ   DECRY
(30C7) 0E22  0000111000100010 (  86)                 BRNZP ENCRY
(30C8) 21F1  0010000111110001 (  88) DECRY           LD    R0 CIPHST
(30C9) 903F  1001000000111111 (  89)                 NOT   R0 R0
(30CA) 1021  0001000000100001 (  90)                 ADD   R0 R0 #1
(30CB) 31EE  0011000111101110 (  91)                 ST    R0 CIPHST
(30CC) E2C5  1110001011000101 (  92)                 LEA   R1 ARRAY
(30CD) 25F3  0010010111110011 (  93)                 LD    R2 EARRYAD
(30CE) 263F  0010011000111111 (  94) LOOPD           LD    R3 LOWER
(30CF) 6A40  0110101001000000 (  95)                 LDR   R5 R1 #0
(30D0) 0438  0000010000111000 (  96)                 BRZ   RETUR
(30D1) 1143  0001000101000011 (  97)                 ADD   R0 R5 R3
(30D2) 020F  0000001000001111 (  98)                 BRP   LOWD
(30D3) 2639  0010011000111001 (  99)                 LD    R3 UPPER
(30D4) 1143  0001000101000011 ( 100)                 ADD   R0 R5 R3
(30D5) 0204  0000001000000100 ( 101)                 BRP   UPD
(30D6) 7A80  0111101010000000 ( 102) POSTD           STR   R5 R2 #0
(30D7) 1261  0001001001100001 ( 103)                 ADD   R1 R1 #1
(30D8) 14A1  0001010010100001 ( 104)                 ADD   R2 R2 #1
(30D9) 0FF4  0000111111110100 ( 105)                 BRNZP LOOPD
(30DA) 2632  0010011000110010 ( 107) UPD             LD    R3 UPPER
(30DB) 21DE  0010000111011110 ( 108)                 LD    R0 CIPHST
(30DC) 1B40  0001101101000000 ( 109)                 ADD   R5 R5 R0
(30DD) 10C5  0001000011000101 ( 110)                 ADD   R0 R3 R5
(30DE) 03F7  0000001111110111 ( 111)                 BRP   POSTD
(30DF) 2030  0010000000110000 ( 112)                 LD    R0 WRAPD
(30E0) 1B40  0001101101000000 ( 113)                 ADD   R5 R5 R0
(30E1) 0FF4  0000111111110100 ( 114)                 BRNZP POSTD
(30E2) 262B  0010011000101011 ( 116) LOWD            LD    R3 LOWER
(30E3) 21D6  0010000111010110 ( 117)                 LD    R0 CIPHST
(30E4) 1B40  0001101101000000 ( 118)                 ADD   R5 R5 R0
(30E5) 10C5  0001000011000101 ( 119)                 ADD   R0 R3 R5
(30E6) 03EF  0000001111101111 ( 120)                 BRP   POSTD
(30E7) 2028  0010000000101000 ( 121)                 LD    R0 WRAPD
(30E8) 1B40  0001101101000000 ( 122)                 ADD   R5 R5 R0
(30E9) 0FEC  0000111111101100 ( 123)                 BRNZP POSTD
(30EA) 21CF  0010000111001111 ( 126) ENCRY           LD    R0 CIPHST
(30EB) E2A6  1110001010100110 ( 127)                 LEA   R1 ARRAY
(30EC) 25D4  0010010111010100 ( 128)                 LD    R2 EARRYAD
(30ED) 2620  0010011000100000 ( 129) LOOP            LD    R3 LOWER
(30EE) 6A40  0110101001000000 ( 130)                 LDR   R5 R1 #0
(30EF) 0419  0000010000011001 ( 131)                 BRZ   RETUR
(30F0) 1143  0001000101000011 ( 132)                 ADD   R0 R5 R3
(30F1) 020F  0000001000001111 ( 133)                 BRP   LOW
(30F2) 261A  0010011000011010 ( 134)                 LD    R3 UPPER
(30F3) 1143  0001000101000011 ( 135)                 ADD   R0 R5 R3
(30F4) 0204  0000001000000100 ( 136)                 BRP   UP
(30F5) 7A80  0111101010000000 ( 137) POSTE           STR   R5 R2 #0
(30F6) 1261  0001001001100001 ( 138)                 ADD   R1 R1 #1
(30F7) 14A1  0001010010100001 ( 139)                 ADD   R2 R2 #1
(30F8) 0FF4  0000111111110100 ( 140)                 BRNZP LOOP
(30F9) 2611  0010011000010001 ( 142) UP              LD    R3 UPC
(30FA) 21BF  0010000110111111 ( 143)                 LD    R0 CIPHST
(30FB) 1B40  0001101101000000 ( 144)                 ADD   R5 R5 R0
(30FC) 10C5  0001000011000101 ( 145)                 ADD   R0 R3 R5
(30FD) 0DF7  0000110111110111 ( 146)                 BRNZ  POSTE
(30FE) 2010  0010000000010000 ( 147)                 LD    R0 WRAP
(30FF) 1B40  0001101101000000 ( 148)                 ADD   R5 R5 R0
(3100) 0FF4  0000111111110100 ( 149)                 BRNZP POSTE
(3101) 260A  0010011000001010 ( 151) LOW             LD    R3 LOWC
(3102) 21B7  0010000110110111 ( 152)                 LD    R0 CIPHST
(3103) 1B40  0001101101000000 ( 153)                 ADD   R5 R5 R0
(3104) 10C5  0001000011000101 ( 154)                 ADD   R0 R3 R5
(3105) 0DEF  0000110111101111 ( 155)                 BRNZ  POSTE
(3106) 2008  0010000000001000 ( 156)                 LD    R0 WRAP
(3107) 1B40  0001101101000000 ( 157)                 ADD   R5 R5 R0
(3108) 0FEC  0000111111101100 ( 158)                 BRNZP POSTE
(3109) 2FB2  0010111110110010 ( 160) RETUR           LD    R7 REG
(310A) C1C0  1100000111000000 ( 161)                 RET   
(310B) FFA6  1111111110100110 ( 163) UPC             .FILL xFFA6
(310C) FF86  1111111110000110 ( 164) LOWC            .FILL xFF86
(310D) FFBF  1111111110111111 ( 165) UPPER           .FILL xFFBF
(310E) FFA0  1111111110100000 ( 166) LOWER           .FILL xFFA0
(310F) FFE6  1111111111100110 ( 167) WRAP            .FILL xFFE6
(3110) 001A  0000000000011010 ( 168) WRAPD           .FILL x001A
(3111) 3FAA  0011111110101010 ( 170) PRINT           ST    R7 REG
(3112) E029  1110000000101001 ( 171)                 LEA   R0 OMESS
(3113) F022  1111000000100010 ( 172)                 TRAP  x22
(3114) E27D  1110001001111101 ( 173)                 LEA   R1 ARRAY
(3115) 6040  0110000001000000 ( 175) PLOOP           LDR   R0 R1 #0
(3116) 0403  0000010000000011 ( 176)                 BRZ   PRINTE
(3117) F021  1111000000100001 ( 177)                 TRAP  x21
(3118) 1261  0001001001100001 ( 178)                 ADD   R1 R1 #1
(3119) 0FFB  0000111111111011 ( 179)                 BRNZP PLOOP
(311A) 23A0  0010001110100000 ( 180) PRINTE          LD    R1 FLAG
(311B) 1260  0001001001100000 ( 181)                 ADD   R1 R1 #0
(311C) 0401  0000010000000001 ( 182)                 BRZ   PRD
(311D) 0E03  0000111000000011 ( 183)                 BRNZP PRE
(311E) E056  1110000001010110 ( 184) PRD             LEA   R0 DMESS
(311F) F022  1111000000100010 ( 185)                 TRAP  x22
(3120) 0E03  0000111000000011 ( 186)                 BRNZP PCONT
(3121) E036  1110000000110110 ( 187) PRE             LEA   R0 EMESS
(3122) F022  1111000000100010 ( 188)                 TRAP  x22
(3123) 0E00  0000111000000000 ( 189)                 BRNZP PCONT
(3124) 239C  0010001110011100 ( 190) PCONT           LD    R1 EARRYAD
(3125) 6040  0110000001000000 ( 191) DLOOP           LDR   R0 R1 #0
(3126) 0403  0000010000000011 ( 192)                 BRZ   RETP
(3127) F021  1111000000100001 ( 193)                 TRAP  x21
(3128) 1261  0001001001100001 ( 194)                 ADD   R1 R1 #1
(3129) 0FFB  0000111111111011 ( 195)                 BRNZP DLOOP
(312A) 2F91  0010111110010001 ( 197) RETP            LD    R7 REG
(312B) C1C0  1100000111000000 ( 198)                 RET   
(312C) 3F8F  0011111110001111 ( 199) LOAD2           ST    R7 REG
(312D) 3193  0011000110010011 ( 200)                 ST    R0 EARRYAD
(312E) E063  1110000001100011 ( 201)                 LEA   R0 ARRAY
(312F) 3192  0011000110010010 ( 202)                 ST    R0 ARRYAD
(3130) 0FF9  0000111111111001 ( 203)                 BRNZP RETP
(3131) 3F8A  0011111110001010 ( 205) CLEAR           ST    R7 REG
(3132) E25F  1110001001011111 ( 206)                 LEA   R1 ARRAY
(3133) 258D  0010010110001101 ( 207)                 LD    R2 EARRYAD
(3134) 5020  0101000000100000 ( 208) CLOOP           AND   R0 R0 #0
(3135) 7040  0111000001000000 ( 209)                 STR   R0 R1 #0
(3136) 7080  0111000010000000 ( 210)                 STR   R0 R2 #0
(3137) 1261  0001001001100001 ( 211)                 ADD   R1 R1 #1
(3138) 14A1  0001010010100001 ( 212)                 ADD   R2 R2 #1
(3139) 6040  0110000001000000 ( 213)                 LDR   R0 R1 #0
(313A) 05EF  0000010111101111 ( 214)                 BRZ   RETP
(313B) 0FF8  0000111111111000 ( 215)                 BRNZP CLOOP
(313C) 000A  0000000000001010 ( 217) OMESS           .FILL x000A
(313D) 0059  0000000001011001 ( 217)                 .FILL x0059
(313E) 006F  0000000001101111 ( 217)                 .FILL x006F
(313F) 0075  0000000001110101 ( 217)                 .FILL x0075
(3140) 0072  0000000001110010 ( 217)                 .FILL x0072
(3141) 0020  0000000000100000 ( 217)                 .FILL x0020
(3142) 006F  0000000001101111 ( 217)                 .FILL x006F
(3143) 0072  0000000001110010 ( 217)                 .FILL x0072
(3144) 0069  0000000001101001 ( 217)                 .FILL x0069
(3145) 0067  0000000001100111 ( 217)                 .FILL x0067
(3146) 0069  0000000001101001 ( 217)                 .FILL x0069
(3147) 006E  0000000001101110 ( 217)                 .FILL x006E
(3148) 0061  0000000001100001 ( 217)                 .FILL x0061
(3149) 006C  0000000001101100 ( 217)                 .FILL x006C
(314A) 0020  0000000000100000 ( 217)                 .FILL x0020
(314B) 006D  0000000001101101 ( 217)                 .FILL x006D
(314C) 0065  0000000001100101 ( 217)                 .FILL x0065
(314D) 0073  0000000001110011 ( 217)                 .FILL x0073
(314E) 0073  0000000001110011 ( 217)                 .FILL x0073
(314F) 0061  0000000001100001 ( 217)                 .FILL x0061
(3150) 0067  0000000001100111 ( 217)                 .FILL x0067
(3151) 0065  0000000001100101 ( 217)                 .FILL x0065
(3152) 0020  0000000000100000 ( 217)                 .FILL x0020
(3153) 0069  0000000001101001 ( 217)                 .FILL x0069
(3154) 0073  0000000001110011 ( 217)                 .FILL x0073
(3155) 003A  0000000000111010 ( 217)                 .FILL x003A
(3156) 000A  0000000000001010 ( 217)                 .FILL x000A
(3157) 0000  0000000000000000 ( 217)                 .FILL x0000
(3158) 000A  0000000000001010 ( 218) EMESS           .FILL x000A
(3159) 0059  0000000001011001 ( 218)                 .FILL x0059
(315A) 006F  0000000001101111 ( 218)                 .FILL x006F
(315B) 0075  0000000001110101 ( 218)                 .FILL x0075
(315C) 0072  0000000001110010 ( 218)                 .FILL x0072
(315D) 0020  0000000000100000 ( 218)                 .FILL x0020
(315E) 0065  0000000001100101 ( 218)                 .FILL x0065
(315F) 006E  0000000001101110 ( 218)                 .FILL x006E
(3160) 0063  0000000001100011 ( 218)                 .FILL x0063
(3161) 0072  0000000001110010 ( 218)                 .FILL x0072
(3162) 0079  0000000001111001 ( 218)                 .FILL x0079
(3163) 0070  0000000001110000 ( 218)                 .FILL x0070
(3164) 0074  0000000001110100 ( 218)                 .FILL x0074
(3165) 0065  0000000001100101 ( 218)                 .FILL x0065
(3166) 0064  0000000001100100 ( 218)                 .FILL x0064
(3167) 0020  0000000000100000 ( 218)                 .FILL x0020
(3168) 006D  0000000001101101 ( 218)                 .FILL x006D
(3169) 0065  0000000001100101 ( 218)                 .FILL x0065
(316A) 0073  0000000001110011 ( 218)                 .FILL x0073
(316B) 0073  0000000001110011 ( 218)                 .FILL x0073
(316C) 0061  0000000001100001 ( 218)                 .FILL x0061
(316D) 0067  0000000001100111 ( 218)                 .FILL x0067
(316E) 0065  0000000001100101 ( 218)                 .FILL x0065
(316F) 0020  0000000000100000 ( 218)                 .FILL x0020
(3170) 0069  0000000001101001 ( 218)                 .FILL x0069
(3171) 0073  0000000001110011 ( 218)                 .FILL x0073
(3172) 003A  0000000000111010 ( 218)                 .FILL x003A
(3173) 000A  0000000000001010 ( 218)                 .FILL x000A
(3174) 0000  0000000000000000 ( 218)                 .FILL x0000
(3175) 000A  0000000000001010 ( 219) DMESS           .FILL x000A
(3176) 0059  0000000001011001 ( 219)                 .FILL x0059
(3177) 006F  0000000001101111 ( 219)                 .FILL x006F
(3178) 0075  0000000001110101 ( 219)                 .FILL x0075
(3179) 0072  0000000001110010 ( 219)                 .FILL x0072
(317A) 0020  0000000000100000 ( 219)                 .FILL x0020
(317B) 0064  0000000001100100 ( 219)                 .FILL x0064
(317C) 0065  0000000001100101 ( 219)                 .FILL x0065
(317D) 0063  0000000001100011 ( 219)                 .FILL x0063
(317E) 0072  0000000001110010 ( 219)                 .FILL x0072
(317F) 0079  0000000001111001 ( 219)                 .FILL x0079
(3180) 0070  0000000001110000 ( 219)                 .FILL x0070
(3181) 0074  0000000001110100 ( 219)                 .FILL x0074
(3182) 0065  0000000001100101 ( 219)                 .FILL x0065
(3183) 0064  0000000001100100 ( 219)                 .FILL x0064
(3184) 0020  0000000000100000 ( 219)                 .FILL x0020
(3185) 006D  0000000001101101 ( 219)                 .FILL x006D
(3186) 0065  0000000001100101 ( 219)                 .FILL x0065
(3187) 0073  0000000001110011 ( 219)                 .FILL x0073
(3188) 0073  0000000001110011 ( 219)                 .FILL x0073
(3189) 0061  0000000001100001 ( 219)                 .FILL x0061
(318A) 0067  0000000001100111 ( 219)                 .FILL x0067
(318B) 0065  0000000001100101 ( 219)                 .FILL x0065
(318C) 0020  0000000000100000 ( 219)                 .FILL x0020
(318D) 0069  0000000001101001 ( 219)                 .FILL x0069
(318E) 0073  0000000001110011 ( 219)                 .FILL x0073
(318F) 003A  0000000000111010 ( 219)                 .FILL x003A
(3190) 000A  0000000000001010 ( 219)                 .FILL x000A
(3191) 0000  0000000000000000 ( 219)                 .FILL x0000
(3192) 0000  0000000000000000 ( 224) ARRAY           .FILL x0000
(3193) 0000  0000000000000000 ( 224)                 .FILL x0000
(3194) 0000  0000000000000000 ( 224)                 .FILL x0000
(3195) 0000  0000000000000000 ( 224)                 .FILL x0000
(3196) 0000  0000000000000000 ( 224)                 .FILL x0000
(3197) 0000  0000000000000000 ( 224)                 .FILL x0000
(3198) 0000  0000000000000000 ( 224)                 .FILL x0000
(3199) 0000  0000000000000000 ( 224)                 .FILL x0000
(319A) 0000  0000000000000000 ( 224)                 .FILL x0000
(319B) 0000  0000000000000000 ( 224)                 .FILL x0000
(319C) 0000  0000000000000000 ( 224)                 .FILL x0000
(319D) 0000  0000000000000000 ( 224)                 .FILL x0000
(319E) 0000  0000000000000000 ( 224)                 .FILL x0000
(319F) 0000  0000000000000000 ( 224)                 .FILL x0000
(31A0) 0000  0000000000000000 ( 224)                 .FILL x0000
(31A1) 0000  0000000000000000 ( 224)                 .FILL x0000
(31A2) 0000  0000000000000000 ( 224)                 .FILL x0000
(31A3) 0000  0000000000000000 ( 224)                 .FILL x0000
(31A4) 0000  0000000000000000 ( 224)                 .FILL x0000
(31A5) 0000  0000000000000000 ( 224)                 .FILL x0000
(31A6) 0000  0000000000000000 ( 224)                 .FILL x0000
(31A7) 0000  0000000000000000 ( 224)                 .FILL x0000
(31A8) 0000  0000000000000000 ( 224)                 .FILL x0000
(31A9) 0000  0000000000000000 ( 224)                 .FILL x0000
(31AA) 0000  0000000000000000 ( 224)                 .FILL x0000
(31AB) 0000  0000000000000000 ( 224)                 .FILL x0000
(31AC) 0000  0000000000000000 ( 224)                 .FILL x0000
(31AD) 0000  0000000000000000 ( 224)                 .FILL x0000
(31AE) 0000  0000000000000000 ( 224)                 .FILL x0000
(31AF) 0000  0000000000000000 ( 224)                 .FILL x0000
(31B0) 0000  0000000000000000 ( 224)                 .FILL x0000
(31B1) 0000  0000000000000000 ( 224)                 .FILL x0000
(31B2) 0000  0000000000000000 ( 224)                 .FILL x0000
(31B3) 0000  0000000000000000 ( 224)                 .FILL x0000
(31B4) 0000  0000000000000000 ( 224)                 .FILL x0000
(31B5) 0000  0000000000000000 ( 224)                 .FILL x0000
(31B6) 0000  0000000000000000 ( 224)                 .FILL x0000
(31B7) 0000  0000000000000000 ( 224)                 .FILL x0000
(31B8) 0000  0000000000000000 ( 224)                 .FILL x0000
(31B9) 0000  0000000000000000 ( 224)                 .FILL x0000
(31BA) 0000  0000000000000000 ( 224)                 .FILL x0000
(31BB) 0000  0000000000000000 ( 224)                 .FILL x0000
(31BC) 0000  0000000000000000 ( 224)                 .FILL x0000
(31BD) 0000  0000000000000000 ( 224)                 .FILL x0000
(31BE) 0000  0000000000000000 ( 224)                 .FILL x0000
(31BF) 0000  0000000000000000 ( 224)                 .FILL x0000
(31C0) 0000  0000000000000000 ( 224)                 .FILL x0000
(31C1) 0000  0000000000000000 ( 224)                 .FILL x0000
(31C2) 0000  0000000000000000 ( 224)                 .FILL x0000
(31C3) 0000  0000000000000000 ( 224)                 .FILL x0000
(31C4) 0000  0000000000000000 ( 224)                 .FILL x0000
(31C5) 0000  0000000000000000 ( 224)                 .FILL x0000
(31C6) 0000  0000000000000000 ( 224)                 .FILL x0000
(31C7) 0000  0000000000000000 ( 224)                 .FILL x0000
(31C8) 0000  0000000000000000 ( 224)                 .FILL x0000
(31C9) 0000  0000000000000000 ( 224)                 .FILL x0000
(31CA) 0000  0000000000000000 ( 224)                 .FILL x0000
(31CB) 0000  0000000000000000 ( 224)                 .FILL x0000
(31CC) 0000  0000000000000000 ( 224)                 .FILL x0000
(31CD) 0000  0000000000000000 ( 224)                 .FILL x0000
(31CE) 0000  0000000000000000 ( 224)                 .FILL x0000
(31CF) 0000  0000000000000000 ( 224)                 .FILL x0000
(31D0) 0000  0000000000000000 ( 224)                 .FILL x0000
(31D1) 0000  0000000000000000 ( 224)                 .FILL x0000
(31D2) 0000  0000000000000000 ( 224)                 .FILL x0000
(31D3) 0000  0000000000000000 ( 224)                 .FILL x0000
(31D4) 0000  0000000000000000 ( 224)                 .FILL x0000
(31D5) 0000  0000000000000000 ( 224)                 .FILL x0000
(31D6) 0000  0000000000000000 ( 224)                 .FILL x0000
(31D7) 0000  0000000000000000 ( 224)                 .FILL x0000
(31D8) 0000  0000000000000000 ( 224)                 .FILL x0000
(31D9) 0000  0000000000000000 ( 224)                 .FILL x0000
(31DA) 0000  0000000000000000 ( 224)                 .FILL x0000
(31DB) 0000  0000000000000000 ( 224)                 .FILL x0000
(31DC) 0000  0000000000000000 ( 224)                 .FILL x0000
(31DD) 0000  0000000000000000 ( 224)                 .FILL x0000
(31DE) 0000  0000000000000000 ( 224)                 .FILL x0000
(31DF) 0000  0000000000000000 ( 224)                 .FILL x0000
(31E0) 0000  0000000000000000 ( 224)                 .FILL x0000
(31E1) 0000  0000000000000000 ( 224)                 .FILL x0000
(31E2) 0000  0000000000000000 ( 224)                 .FILL x0000
(31E3) 0000  0000000000000000 ( 224)                 .FILL x0000
(31E4) 0000  0000000000000000 ( 224)                 .FILL x0000
(31E5) 0000  0000000000000000 ( 224)                 .FILL x0000
(31E6) 0000  0000000000000000 ( 224)                 .FILL x0000
(31E7) 0000  0000000000000000 ( 224)                 .FILL x0000
(31E8) 0000  0000000000000000 ( 224)                 .FILL x0000
(31E9) 0000  0000000000000000 ( 224)                 .FILL x0000
(31EA) 0000  0000000000000000 ( 224)                 .FILL x0000
(31EB) 0000  0000000000000000 ( 224)                 .FILL x0000
(31EC) 0000  0000000000000000 ( 224)                 .FILL x0000
(31ED) 0000  0000000000000000 ( 224)                 .FILL x0000
(31EE) 0000  0000000000000000 ( 224)                 .FILL x0000
(31EF) 0000  0000000000000000 ( 224)                 .FILL x0000
(31F0) 0000  0000000000000000 ( 224)                 .FILL x0000
(31F1) 0000  0000000000000000 ( 224)                 .FILL x0000
(31F2) 0000  0000000000000000 ( 224)                 .FILL x0000
(31F3) 0000  0000000000000000 ( 224)                 .FILL x0000
(31F4) 0000  0000000000000000 ( 224)                 .FILL x0000
(31F5) 0000  0000000000000000 ( 224)                 .FILL x0000
(31F6) 0000  0000000000000000 ( 224)                 .FILL x0000
(31F7) 0000  0000000000000000 ( 224)                 .FILL x0000
(31F8) 0000  0000000000000000 ( 224)                 .FILL x0000
(31F9) 0000  0000000000000000 ( 224)                 .FILL x0000
(31FA) 0000  0000000000000000 ( 224)                 .FILL x0000
(31FB) 0000  0000000000000000 ( 224)                 .FILL x0000
(31FC) 0000  0000000000000000 ( 224)                 .FILL x0000
(31FD) 0000  0000000000000000 ( 224)                 .FILL x0000
(31FE) 0000  0000000000000000 ( 224)                 .FILL x0000
(31FF) 0000  0000000000000000 ( 224)                 .FILL x0000
(3200) 0000  0000000000000000 ( 224)                 .FILL x0000
(3201) 0000  0000000000000000 ( 224)                 .FILL x0000
(3202) 0000  0000000000000000 ( 224)                 .FILL x0000
(3203) 0000  0000000000000000 ( 224)                 .FILL x0000
(3204) 0000  0000000000000000 ( 224)                 .FILL x0000
(3205) 0000  0000000000000000 ( 224)                 .FILL x0000
(3206) 0000  0000000000000000 ( 224)                 .FILL x0000
(3207) 0000  0000000000000000 ( 224)                 .FILL x0000
(3208) 0000  0000000000000000 ( 224)                 .FILL x0000
(3209) 0000  0000000000000000 ( 224)                 .FILL x0000
(320A) 0000  0000000000000000 ( 224)                 .FILL x0000
(320B) 0000  0000000000000000 ( 224)                 .FILL x0000
(320C) 0000  0000000000000000 ( 224)                 .FILL x0000
(320D) 0000  0000000000000000 ( 224)                 .FILL x0000
(320E) 0000  0000000000000000 ( 224)                 .FILL x0000
(320F) 0000  0000000000000000 ( 224)                 .FILL x0000
(3210) 0000  0000000000000000 ( 224)                 .FILL x0000
(3211) 0000  0000000000000000 ( 224)                 .FILL x0000
(3212) 0000  0000000000000000 ( 224)                 .FILL x0000
(3213) 0000  0000000000000000 ( 224)                 .FILL x0000
(3214) 0000  0000000000000000 ( 224)                 .FILL x0000
(3215) 0000  0000000000000000 ( 224)                 .FILL x0000
(3216) 0000  0000000000000000 ( 224)                 .FILL x0000
(3217) 0000  0000000000000000 ( 224)                 .FILL x0000
(3218) 0000  0000000000000000 ( 224)                 .FILL x0000
(3219) 0000  0000000000000000 ( 224)                 .FILL x0000
(321A) 0000  0000000000000000 ( 224)                 .FILL x0000
(321B) 0000  0000000000000000 ( 224)                 .FILL x0000
(321C) 0000  0000000000000000 ( 224)                 .FILL x0000
(321D) 0000  0000000000000000 ( 224)                 .FILL x0000
(321E) 0000  0000000000000000 ( 224)                 .FILL x0000
(321F) 0000  0000000000000000 ( 224)                 .FILL x0000
(3220) 0000  0000000000000000 ( 224)                 .FILL x0000
(3221) 0000  0000000000000000 ( 224)                 .FILL x0000
(3222) 0000  0000000000000000 ( 224)                 .FILL x0000
(3223) 0000  0000000000000000 ( 224)                 .FILL x0000
(3224) 0000  0000000000000000 ( 224)                 .FILL x0000
(3225) 0000  0000000000000000 ( 224)                 .FILL x0000
(3226) 0000  0000000000000000 ( 224)                 .FILL x0000
(3227) 0000  0000000000000000 ( 224)                 .FILL x0000
(3228) 0000  0000000000000000 ( 224)                 .FILL x0000
(3229) 0000  0000000000000000 ( 224)                 .FILL x0000
(322A) 0000  0000000000000000 ( 224)                 .FILL x0000
(322B) 0000  0000000000000000 ( 224)                 .FILL x0000
(322C) 0000  0000000000000000 ( 224)                 .FILL x0000
(322D) 0000  0000000000000000 ( 224)                 .FILL x0000
(322E) 0000  0000000000000000 ( 224)                 .FILL x0000
(322F) 0000  0000000000000000 ( 224)                 .FILL x0000
(3230) 0000  0000000000000000 ( 224)                 .FILL x0000
(3231) 0000  0000000000000000 ( 224)                 .FILL x0000
(3232) 0000  0000000000000000 ( 224)                 .FILL x0000
(3233) 0000  0000000000000000 ( 224)                 .FILL x0000
(3234) 0000  0000000000000000 ( 224)                 .FILL x0000
(3235) 0000  0000000000000000 ( 224)                 .FILL x0000
(3236) 0000  0000000000000000 ( 224)                 .FILL x0000
(3237) 0000  0000000000000000 ( 224)                 .FILL x0000
(3238) 0000  0000000000000000 ( 224)                 .FILL x0000
(3239) 0000  0000000000000000 ( 224)                 .FILL x0000
(323A) 0000  0000000000000000 ( 224)                 .FILL x0000
(323B) 0000  0000000000000000 ( 224)                 .FILL x0000
(323C) 0000  0000000000000000 ( 224)                 .FILL x0000
(323D) 0000  0000000000000000 ( 224)                 .FILL x0000
(323E) 0000  0000000000000000 ( 224)                 .FILL x0000
(323F) 0000  0000000000000000 ( 224)                 .FILL x0000
(3240) 0000  0000000000000000 ( 224)                 .FILL x0000
(3241) 0000  0000000000000000 ( 224)                 .FILL x0000
(3242) 0000  0000000000000000 ( 224)                 .FILL x0000
(3243) 0000  0000000000000000 ( 224)                 .FILL x0000
(3244) 0000  0000000000000000 ( 224)                 .FILL x0000
(3245) 0000  0000000000000000 ( 224)                 .FILL x0000
(3246) 0000  0000000000000000 ( 224)                 .FILL x0000
(3247) 0000  0000000000000000 ( 224)                 .FILL x0000
(3248) 0000  0000000000000000 ( 224)                 .FILL x0000
(3249) 0000  0000000000000000 ( 224)                 .FILL x0000
(324A) 0000  0000000000000000 ( 224)                 .FILL x0000
(324B) 0000  0000000000000000 ( 224)                 .FILL x0000
(324C) 0000  0000000000000000 ( 224)                 .FILL x0000
(324D) 0000  0000000000000000 ( 224)                 .FILL x0000
(324E) 0000  0000000000000000 ( 224)                 .FILL x0000
(324F) 0000  0000000000000000 ( 224)                 .FILL x0000
(3250) 0000  0000000000000000 ( 224)                 .FILL x0000
(3251) 0000  0000000000000000 ( 224)                 .FILL x0000
(3252) 0000  0000000000000000 ( 224)                 .FILL x0000
(3253) 0000  0000000000000000 ( 224)                 .FILL x0000
(3254) 0000  0000000000000000 ( 224)                 .FILL x0000
(3255) 0000  0000000000000000 ( 224)                 .FILL x0000
(3256) 0000  0000000000000000 ( 224)                 .FILL x0000
(3257) 0000  0000000000000000 ( 224)                 .FILL x0000
(3258) 0000  0000000000000000 ( 224)                 .FILL x0000
(3259) 0000  0000000000000000 ( 224)                 .FILL x0000
(325A) 0000  0000000000000000 ( 224) REG2            .FILL x0000
(325B) 3FFE  0011111111111110 ( 225) LOAD            ST    R7 REG2
(325C) E002  1110000000000010 ( 226)                 LEA   R0 EARRAY
(325D) 2FFC  0010111111111100 ( 227)                 LD    R7 REG2
(325E) C1C0  1100000111000000 ( 228)                 RET   
(325F) 0000  0000000000000000 ( 231) EARRAY          .FILL x0000
(3260) 0000  0000000000000000 ( 231)                 .FILL x0000
(3261) 0000  0000000000000000 ( 231)                 .FILL x0000
(3262) 0000  0000000000000000 ( 231)                 .FILL x0000
(3263) 0000  0000000000000000 ( 231)                 .FILL x0000
(3264) 0000  0000000000000000 ( 231)                 .FILL x0000
(3265) 0000  0000000000000000 ( 231)                 .FILL x0000
(3266) 0000  0000000000000000 ( 231)                 .FILL x0000
(3267) 0000  0000000000000000 ( 231)                 .FILL x0000
(3268) 0000  0000000000000000 ( 231)                 .FILL x0000
(3269) 0000  0000000000000000 ( 231)                 .FILL x0000
(326A) 0000  0000000000000000 ( 231)                 .FILL x0000
(326B) 0000  0000000000000000 ( 231)                 .FILL x0000
(326C) 0000  0000000000000000 ( 231)                 .FILL x0000
(326D) 0000  0000000000000000 ( 231)                 .FILL x0000
(326E) 0000  0000000000000000 ( 231)                 .FILL x0000
(326F) 0000  0000000000000000 ( 231)                 .FILL x0000
(3270) 0000  0000000000000000 ( 231)                 .FILL x0000
(3271) 0000  0000000000000000 ( 231)                 .FILL x0000
(3272) 0000  0000000000000000 ( 231)                 .FILL x0000
(3273) 0000  0000000000000000 ( 231)                 .FILL x0000
(3274) 0000  0000000000000000 ( 231)                 .FILL x0000
(3275) 0000  0000000000000000 ( 231)                 .FILL x0000
(3276) 0000  0000000000000000 ( 231)                 .FILL x0000
(3277) 0000  0000000000000000 ( 231)                 .FILL x0000
(3278) 0000  0000000000000000 ( 231)                 .FILL x0000
(3279) 0000  0000000000000000 ( 231)                 .FILL x0000
(327A) 0000  0000000000000000 ( 231)                 .FILL x0000
(327B) 0000  0000000000000000 ( 231)                 .FILL x0000
(327C) 0000  0000000000000000 ( 231)                 .FILL x0000
(327D) 0000  0000000000000000 ( 231)                 .FILL x0000
(327E) 0000  0000000000000000 ( 231)                 .FILL x0000
(327F) 0000  0000000000000000 ( 231)                 .FILL x0000
(3280) 0000  0000000000000000 ( 231)                 .FILL x0000
(3281) 0000  0000000000000000 ( 231)                 .FILL x0000
(3282) 0000  0000000000000000 ( 231)                 .FILL x0000
(3283) 0000  0000000000000000 ( 231)                 .FILL x0000
(3284) 0000  0000000000000000 ( 231)                 .FILL x0000
(3285) 0000  0000000000000000 ( 231)                 .FILL x0000
(3286) 0000  0000000000000000 ( 231)                 .FILL x0000
(3287) 0000  0000000000000000 ( 231)                 .FILL x0000
(3288) 0000  0000000000000000 ( 231)                 .FILL x0000
(3289) 0000  0000000000000000 ( 231)                 .FILL x0000
(328A) 0000  0000000000000000 ( 231)                 .FILL x0000
(328B) 0000  0000000000000000 ( 231)                 .FILL x0000
(328C) 0000  0000000000000000 ( 231)                 .FILL x0000
(328D) 0000  0000000000000000 ( 231)                 .FILL x0000
(328E) 0000  0000000000000000 ( 231)                 .FILL x0000
(328F) 0000  0000000000000000 ( 231)                 .FILL x0000
(3290) 0000  0000000000000000 ( 231)                 .FILL x0000
(3291) 0000  0000000000000000 ( 231)                 .FILL x0000
(3292) 0000  0000000000000000 ( 231)                 .FILL x0000
(3293) 0000  0000000000000000 ( 231)                 .FILL x0000
(3294) 0000  0000000000000000 ( 231)                 .FILL x0000
(3295) 0000  0000000000000000 ( 231)                 .FILL x0000
(3296) 0000  0000000000000000 ( 231)                 .FILL x0000
(3297) 0000  0000000000000000 ( 231)                 .FILL x0000
(3298) 0000  0000000000000000 ( 231)                 .FILL x0000
(3299) 0000  0000000000000000 ( 231)                 .FILL x0000
(329A) 0000  0000000000000000 ( 231)                 .FILL x0000
(329B) 0000  0000000000000000 ( 231)                 .FILL x0000
(329C) 0000  0000000000000000 ( 231)                 .FILL x0000
(329D) 0000  0000000000000000 ( 231)                 .FILL x0000
(329E) 0000  0000000000000000 ( 231)                 .FILL x0000
(329F) 0000  0000000000000000 ( 231)                 .FILL x0000
(32A0) 0000  0000000000000000 ( 231)                 .FILL x0000
(32A1) 0000  0000000000000000 ( 231)                 .FILL x0000
(32A2) 0000  0000000000000000 ( 231)                 .FILL x0000
(32A3) 0000  0000000000000000 ( 231)                 .FILL x0000
(32A4) 0000  0000000000000000 ( 231)                 .FILL x0000
(32A5) 0000  0000000000000000 ( 231)                 .FILL x0000
(32A6) 0000  0000000000000000 ( 231)                 .FILL x0000
(32A7) 0000  0000000000000000 ( 231)                 .FILL x0000
(32A8) 0000  0000000000000000 ( 231)                 .FILL x0000
(32A9) 0000  0000000000000000 ( 231)                 .FILL x0000
(32AA) 0000  0000000000000000 ( 231)                 .FILL x0000
(32AB) 0000  0000000000000000 ( 231)                 .FILL x0000
(32AC) 0000  0000000000000000 ( 231)                 .FILL x0000
(32AD) 0000  0000000000000000 ( 231)                 .FILL x0000
(32AE) 0000  0000000000000000 ( 231)                 .FILL x0000
(32AF) 0000  0000000000000000 ( 231)                 .FILL x0000
(32B0) 0000  0000000000000000 ( 231)                 .FILL x0000
(32B1) 0000  0000000000000000 ( 231)                 .FILL x0000
(32B2) 0000  0000000000000000 ( 231)                 .FILL x0000
(32B3) 0000  0000000000000000 ( 231)                 .FILL x0000
(32B4) 0000  0000000000000000 ( 231)                 .FILL x0000
(32B5) 0000  0000000000000000 ( 231)                 .FILL x0000
(32B6) 0000  0000000000000000 ( 231)                 .FILL x0000
(32B7) 0000  0000000000000000 ( 231)                 .FILL x0000
(32B8) 0000  0000000000000000 ( 231)                 .FILL x0000
(32B9) 0000  0000000000000000 ( 231)                 .FILL x0000
(32BA) 0000  0000000000000000 ( 231)                 .FILL x0000
(32BB) 0000  0000000000000000 ( 231)                 .FILL x0000
(32BC) 0000  0000000000000000 ( 231)                 .FILL x0000
(32BD) 0000  0000000000000000 ( 231)                 .FILL x0000
(32BE) 0000  0000000000000000 ( 231)                 .FILL x0000
(32BF) 0000  0000000000000000 ( 231)                 .FILL x0000
(32C0) 0000  0000000000000000 ( 231)                 .FILL x0000
(32C1) 0000  0000000000000000 ( 231)                 .FILL x0000
(32C2) 0000  0000000000000000 ( 231)                 .FILL x0000
(32C3) 0000  0000000000000000 ( 231)                 .FILL x0000
(32C4) 0000  0000000000000000 ( 231)                 .FILL x0000
(32C5) 0000  0000000000000000 ( 231)                 .FILL x0000
(32C6) 0000  0000000000000000 ( 231)                 .FILL x0000
(32C7) 0000  0000000000000000 ( 231)                 .FILL x0000
(32C8) 0000  0000000000000000 ( 231)                 .FILL x0000
(32C9) 0000  0000000000000000 ( 231)                 .FILL x0000
(32CA) 0000  0000000000000000 ( 231)                 .FILL x0000
(32CB) 0000  0000000000000000 ( 231)                 .FILL x0000
(32CC) 0000  0000000000000000 ( 231)                 .FILL x0000
(32CD) 0000  0000000000000000 ( 231)                 .FILL x0000
(32CE) 0000  0000000000000000 ( 231)                 .FILL x0000
(32CF) 0000  0000000000000000 ( 231)                 .FILL x0000
(32D0) 0000  0000000000000000 ( 231)                 .FILL x0000
(32D1) 0000  0000000000000000 ( 231)                 .FILL x0000
(32D2) 0000  0000000000000000 ( 231)                 .FILL x0000
(32D3) 0000  0000000000000000 ( 231)                 .FILL x0000
(32D4) 0000  0000000000000000 ( 231)                 .FILL x0000
(32D5) 0000  0000000000000000 ( 231)                 .FILL x0000
(32D6) 0000  0000000000000000 ( 231)                 .FILL x0000
(32D7) 0000  0000000000000000 ( 231)                 .FILL x0000
(32D8) 0000  0000000000000000 ( 231)                 .FILL x0000
(32D9) 0000  0000000000000000 ( 231)                 .FILL x0000
(32DA) 0000  0000000000000000 ( 231)                 .FILL x0000
(32DB) 0000  0000000000000000 ( 231)                 .FILL x0000
(32DC) 0000  0000000000000000 ( 231)                 .FILL x0000
(32DD) 0000  0000000000000000 ( 231)                 .FILL x0000
(32DE) 0000  0000000000000000 ( 231)                 .FILL x0000
(32DF) 0000  0000000000000000 ( 231)                 .FILL x0000
(32E0) 0000  0000000000000000 ( 231)                 .FILL x0000
(32E1) 0000  0000000000000000 ( 231)                 .FILL x0000
(32E2) 0000  0000000000000000 ( 231)                 .FILL x0000
(32E3) 0000  0000000000000000 ( 231)                 .FILL x0000
(32E4) 0000  0000000000000000 ( 231)                 .FILL x0000
(32E5) 0000  0000000000000000 ( 231)                 .FILL x0000
(32E6) 0000  0000000000000000 ( 231)                 .FILL x0000
(32E7) 0000  0000000000000000 ( 231)                 .FILL x0000
(32E8) 0000  0000000000000000 ( 231)                 .FILL x0000
(32E9) 0000  0000000000000000 ( 231)                 .FILL x0000
(32EA) 0000  0000000000000000 ( 231)                 .FILL x0000
(32EB) 0000  0000000000000000 ( 231)                 .FILL x0000
(32EC) 0000  0000000000000000 ( 231)                 .FILL x0000
(32ED) 0000  0000000000000000 ( 231)                 .FILL x0000
(32EE) 0000  0000000000000000 ( 231)                 .FILL x0000
(32EF) 0000  0000000000000000 ( 231)                 .FILL x0000
(32F0) 0000  0000000000000000 ( 231)                 .FILL x0000
(32F1) 0000  0000000000000000 ( 231)                 .FILL x0000
(32F2) 0000  0000000000000000 ( 231)                 .FILL x0000
(32F3) 0000  0000000000000000 ( 231)                 .FILL x0000
(32F4) 0000  0000000000000000 ( 231)                 .FILL x0000
(32F5) 0000  0000000000000000 ( 231)                 .FILL x0000
(32F6) 0000  0000000000000000 ( 231)                 .FILL x0000
(32F7) 0000  0000000000000000 ( 231)                 .FILL x0000
(32F8) 0000  0000000000000000 ( 231)                 .FILL x0000
(32F9) 0000  0000000000000000 ( 231)                 .FILL x0000
(32FA) 0000  0000000000000000 ( 231)                 .FILL x0000
(32FB) 0000  0000000000000000 ( 231)                 .FILL x0000
(32FC) 0000  0000000000000000 ( 231)                 .FILL x0000
(32FD) 0000  0000000000000000 ( 231)                 .FILL x0000
(32FE) 0000  0000000000000000 ( 231)                 .FILL x0000
(32FF) 0000  0000000000000000 ( 231)                 .FILL x0000
(3300) 0000  0000000000000000 ( 231)                 .FILL x0000
(3301) 0000  0000000000000000 ( 231)                 .FILL x0000
(3302) 0000  0000000000000000 ( 231)                 .FILL x0000
(3303) 0000  0000000000000000 ( 231)                 .FILL x0000
(3304) 0000  0000000000000000 ( 231)                 .FILL x0000
(3305) 0000  0000000000000000 ( 231)                 .FILL x0000
(3306) 0000  0000000000000000 ( 231)                 .FILL x0000
(3307) 0000  0000000000000000 ( 231)                 .FILL x0000
(3308) 0000  0000000000000000 ( 231)                 .FILL x0000
(3309) 0000  0000000000000000 ( 231)                 .FILL x0000
(330A) 0000  0000000000000000 ( 231)                 .FILL x0000
(330B) 0000  0000000000000000 ( 231)                 .FILL x0000
(330C) 0000  0000000000000000 ( 231)                 .FILL x0000
(330D) 0000  0000000000000000 ( 231)                 .FILL x0000
(330E) 0000  0000000000000000 ( 231)                 .FILL x0000
(330F) 0000  0000000000000000 ( 231)                 .FILL x0000
(3310) 0000  0000000000000000 ( 231)                 .FILL x0000
(3311) 0000  0000000000000000 ( 231)                 .FILL x0000
(3312) 0000  0000000000000000 ( 231)                 .FILL x0000
(3313) 0000  0000000000000000 ( 231)                 .FILL x0000
(3314) 0000  0000000000000000 ( 231)                 .FILL x0000
(3315) 0000  0000000000000000 ( 231)                 .FILL x0000
(3316) 0000  0000000000000000 ( 231)                 .FILL x0000
(3317) 0000  0000000000000000 ( 231)                 .FILL x0000
(3318) 0000  0000000000000000 ( 231)                 .FILL x0000
(3319) 0000  0000000000000000 ( 231)                 .FILL x0000
(331A) 0000  0000000000000000 ( 231)                 .FILL x0000
(331B) 0000  0000000000000000 ( 231)                 .FILL x0000
(331C) 0000  0000000000000000 ( 231)                 .FILL x0000
(331D) 0000  0000000000000000 ( 231)                 .FILL x0000
(331E) 0000  0000000000000000 ( 231)                 .FILL x0000
(331F) 0000  0000000000000000 ( 231)                 .FILL x0000
(3320) 0000  0000000000000000 ( 231)                 .FILL x0000
(3321) 0000  0000000000000000 ( 231)                 .FILL x0000
(3322) 0000  0000000000000000 ( 231)                 .FILL x0000
(3323) 0000  0000000000000000 ( 231)                 .FILL x0000
(3324) 0000  0000000000000000 ( 231)                 .FILL x0000
(3325) 0000  0000000000000000 ( 231)                 .FILL x0000
(3326) 0000  0000000000000000 ( 231)                 .FILL x0000
